<?xml version="1.0" encoding="UTF-8" ?>
<testsuite failures="0" time="1.856" errors="0" skipped="0" tests="1" name="TestMybatis">
  <properties>
    <property name="java.runtime.name" value="Java(TM) SE Runtime Environment"/>
    <property name="sun.boot.library.path" value="D:\Program_Files\Java\jdk1.6.0_45\jre\bin"/>
    <property name="java.vm.version" value="20.45-b01"/>
    <property name="java.vm.vendor" value="Sun Microsystems Inc."/>
    <property name="java.vendor.url" value="http://java.sun.com/"/>
    <property name="path.separator" value=";"/>
    <property name="java.vm.name" value="Java HotSpot(TM) 64-Bit Server VM"/>
    <property name="file.encoding.pkg" value="sun.io"/>
    <property name="user.country" value="CN"/>
    <property name="sun.java.launcher" value="SUN_STANDARD"/>
    <property name="sun.os.patch.level" value="Service Pack 1"/>
    <property name="java.vm.specification.name" value="Java Virtual Machine Specification"/>
    <property name="user.dir" value="E:\data\git_test\SpringMVC-Spring-MyBatis"/>
    <property name="java.runtime.version" value="1.6.0_45-b06"/>
    <property name="java.awt.graphicsenv" value="sun.awt.Win32GraphicsEnvironment"/>
    <property name="basedir" value="E:\data\git_test\SpringMVC-Spring-MyBatis"/>
    <property name="java.endorsed.dirs" value="D:\Program_Files\Java\jdk1.6.0_45\jre\lib\endorsed"/>
    <property name="os.arch" value="amd64"/>
    <property name="surefire.real.class.path" value="C:\Users\ADMINI~1\AppData\Local\Temp\surefirebooter5811319890555160033.jar"/>
    <property name="java.io.tmpdir" value="C:\Users\ADMINI~1\AppData\Local\Temp\"/>
    <property name="line.separator" value="
"/>
    <property name="java.vm.specification.vendor" value="Sun Microsystems Inc."/>
    <property name="user.variant" value=""/>
    <property name="os.name" value="Windows 7"/>
    <property name="sun.jnu.encoding" value="GBK"/>
    <property name="java.library.path" value="D:\Program_Files\Java\jdk1.6.0_45\jre\bin;C:\Windows\Sun\Java\bin;C:\Windows\system32;C:\Windows;D:/Program_Files/Genuitec/Common/binary/com.sun.java.jdk.win32.x86_1.6.0.013/jre/bin/client;D:/Program_Files/Genuitec/Common/binary/com.sun.java.jdk.win32.x86_1.6.0.013/jre/bin;C:\ProgramData\Oracle\Java\javapath;C:\Program Files (x86)\Common Files\NetSarang;C:\Windows\system32;C:\Windows;C:\Windows\System32\Wbem;C:\Windows\System32\WindowsPowerShell\v1.0\;C:\Program Files\Intel\WiFi\bin\;C:\Program Files\Common Files\Intel\WirelessCommon;D:\Program_Files\Java\jdk1.7.0_79\bin;D:\Program_Files\solr-6.2.0\bin;C:\Program Files (x86)\MySQL\MySQL Fabric 1.5 &amp; MySQL Utilities 1.5\;C:\Program Files (x86)\MySQL\MySQL Fabric 1.5 &amp; MySQL Utilities 1.5\Doctrine extensions for PHP\;D:\Program_Files\apache-maven-3.3.9\bin;C:\Program Files\Intel\WiFi\bin\;C:\Program Files\Common Files\Intel\WirelessCommon\;."/>
    <property name="surefire.test.class.path" value="E:\data\git_test\SpringMVC-Spring-MyBatis\target\test-classes;E:\data\git_test\SpringMVC-Spring-MyBatis\target\classes;E:\data\mvnRespo\org\springframework\spring-core\3.2.9.RELEASE\spring-core-3.2.9.RELEASE.jar;E:\data\mvnRespo\commons-logging\commons-logging\1.1.3\commons-logging-1.1.3.jar;E:\data\mvnRespo\org\springframework\spring-webmvc\3.2.9.RELEASE\spring-webmvc-3.2.9.RELEASE.jar;E:\data\mvnRespo\org\springframework\spring-beans\3.2.9.RELEASE\spring-beans-3.2.9.RELEASE.jar;E:\data\mvnRespo\org\springframework\spring-context\3.2.9.RELEASE\spring-context-3.2.9.RELEASE.jar;E:\data\mvnRespo\org\springframework\spring-aop\3.2.9.RELEASE\spring-aop-3.2.9.RELEASE.jar;E:\data\mvnRespo\aopalliance\aopalliance\1.0\aopalliance-1.0.jar;E:\data\mvnRespo\org\springframework\spring-expression\3.2.9.RELEASE\spring-expression-3.2.9.RELEASE.jar;E:\data\mvnRespo\org\springframework\spring-web\3.2.9.RELEASE\spring-web-3.2.9.RELEASE.jar;E:\data\mvnRespo\org\springframework\spring-test\3.2.9.RELEASE\spring-test-3.2.9.RELEASE.jar;E:\data\mvnRespo\org\mybatis\mybatis\3.1.1\mybatis-3.1.1.jar;E:\data\mvnRespo\org\mybatis\mybatis-spring\1.1.1\mybatis-spring-1.1.1.jar;E:\data\mvnRespo\org\springframework\spring-tx\3.1.1.RELEASE\spring-tx-3.1.1.RELEASE.jar;E:\data\mvnRespo\org\springframework\spring-jdbc\3.1.1.RELEASE\spring-jdbc-3.1.1.RELEASE.jar;E:\data\mvnRespo\com\oracle\ojdbc14\10.2.0.1.0\ojdbc14-10.2.0.1.0.jar;E:\data\mvnRespo\junit\junit\4.11\junit-4.11.jar;E:\data\mvnRespo\org\hamcrest\hamcrest-core\1.3\hamcrest-core-1.3.jar;E:\data\mvnRespo\com\alibaba\druid\0.2.26\druid-0.2.26.jar;E:\data\mvnRespo\org\aspectj\aspectjweaver\1.8.1\aspectjweaver-1.8.1.jar;E:\data\mvnRespo\javax\servlet\jstl\1.2\jstl-1.2.jar;E:\data\mvnRespo\javax\servlet\servlet-api\3.0-alpha-1\servlet-api-3.0-alpha-1.jar;E:\data\mvnRespo\javax\servlet\jsp\jsp-api\2.2.1-b03\jsp-api-2.2.1-b03.jar;E:\data\mvnRespo\commons-fileupload\commons-fileupload\1.3.1\commons-fileupload-1.3.1.jar;E:\data\mvnRespo\commons-io\commons-io\2.2\commons-io-2.2.jar;E:\data\mvnRespo\log4j\log4j\1.2.17\log4j-1.2.17.jar;E:\data\mvnRespo\com\alibaba\fastjson\1.1.41\fastjson-1.1.41.jar;E:\data\mvnRespo\org\codehaus\jackson\jackson-mapper-asl\1.9.13\jackson-mapper-asl-1.9.13.jar;E:\data\mvnRespo\org\codehaus\jackson\jackson-core-asl\1.9.13\jackson-core-asl-1.9.13.jar;E:\data\mvnRespo\mysql\mysql-connector-java\5.1.24\mysql-connector-java-5.1.24.jar;"/>
    <property name="java.specification.name" value="Java Platform API Specification"/>
    <property name="java.class.version" value="50.0"/>
    <property name="sun.management.compiler" value="HotSpot 64-Bit Tiered Compilers"/>
    <property name="os.version" value="6.1"/>
    <property name="user.home" value="C:\Users\Administrator"/>
    <property name="user.timezone" value="GMT+08:00"/>
    <property name="java.awt.printerjob" value="sun.awt.windows.WPrinterJob"/>
    <property name="java.specification.version" value="1.6"/>
    <property name="file.encoding" value="GBK"/>
    <property name="user.name" value="Administrator"/>
    <property name="java.class.path" value="E:\data\git_test\SpringMVC-Spring-MyBatis\target\test-classes;E:\data\git_test\SpringMVC-Spring-MyBatis\target\classes;E:\data\mvnRespo\org\springframework\spring-core\3.2.9.RELEASE\spring-core-3.2.9.RELEASE.jar;E:\data\mvnRespo\commons-logging\commons-logging\1.1.3\commons-logging-1.1.3.jar;E:\data\mvnRespo\org\springframework\spring-webmvc\3.2.9.RELEASE\spring-webmvc-3.2.9.RELEASE.jar;E:\data\mvnRespo\org\springframework\spring-beans\3.2.9.RELEASE\spring-beans-3.2.9.RELEASE.jar;E:\data\mvnRespo\org\springframework\spring-context\3.2.9.RELEASE\spring-context-3.2.9.RELEASE.jar;E:\data\mvnRespo\org\springframework\spring-aop\3.2.9.RELEASE\spring-aop-3.2.9.RELEASE.jar;E:\data\mvnRespo\aopalliance\aopalliance\1.0\aopalliance-1.0.jar;E:\data\mvnRespo\org\springframework\spring-expression\3.2.9.RELEASE\spring-expression-3.2.9.RELEASE.jar;E:\data\mvnRespo\org\springframework\spring-web\3.2.9.RELEASE\spring-web-3.2.9.RELEASE.jar;E:\data\mvnRespo\org\springframework\spring-test\3.2.9.RELEASE\spring-test-3.2.9.RELEASE.jar;E:\data\mvnRespo\org\mybatis\mybatis\3.1.1\mybatis-3.1.1.jar;E:\data\mvnRespo\org\mybatis\mybatis-spring\1.1.1\mybatis-spring-1.1.1.jar;E:\data\mvnRespo\org\springframework\spring-tx\3.1.1.RELEASE\spring-tx-3.1.1.RELEASE.jar;E:\data\mvnRespo\org\springframework\spring-jdbc\3.1.1.RELEASE\spring-jdbc-3.1.1.RELEASE.jar;E:\data\mvnRespo\com\oracle\ojdbc14\10.2.0.1.0\ojdbc14-10.2.0.1.0.jar;E:\data\mvnRespo\junit\junit\4.11\junit-4.11.jar;E:\data\mvnRespo\org\hamcrest\hamcrest-core\1.3\hamcrest-core-1.3.jar;E:\data\mvnRespo\com\alibaba\druid\0.2.26\druid-0.2.26.jar;E:\data\mvnRespo\org\aspectj\aspectjweaver\1.8.1\aspectjweaver-1.8.1.jar;E:\data\mvnRespo\javax\servlet\jstl\1.2\jstl-1.2.jar;E:\data\mvnRespo\javax\servlet\servlet-api\3.0-alpha-1\servlet-api-3.0-alpha-1.jar;E:\data\mvnRespo\javax\servlet\jsp\jsp-api\2.2.1-b03\jsp-api-2.2.1-b03.jar;E:\data\mvnRespo\commons-fileupload\commons-fileupload\1.3.1\commons-fileupload-1.3.1.jar;E:\data\mvnRespo\commons-io\commons-io\2.2\commons-io-2.2.jar;E:\data\mvnRespo\log4j\log4j\1.2.17\log4j-1.2.17.jar;E:\data\mvnRespo\com\alibaba\fastjson\1.1.41\fastjson-1.1.41.jar;E:\data\mvnRespo\org\codehaus\jackson\jackson-mapper-asl\1.9.13\jackson-mapper-asl-1.9.13.jar;E:\data\mvnRespo\org\codehaus\jackson\jackson-core-asl\1.9.13\jackson-core-asl-1.9.13.jar;E:\data\mvnRespo\mysql\mysql-connector-java\5.1.24\mysql-connector-java-5.1.24.jar;"/>
    <property name="java.vm.specification.version" value="1.0"/>
    <property name="sun.arch.data.model" value="64"/>
    <property name="java.home" value="D:\Program_Files\Java\jdk1.6.0_45\jre"/>
    <property name="sun.java.command" value="C:\Users\ADMINI~1\AppData\Local\Temp\surefirebooter5811319890555160033.jar C:\Users\ADMINI~1\AppData\Local\Temp\surefire3235049615268397991tmp C:\Users\ADMINI~1\AppData\Local\Temp\surefire540071252741396965tmp"/>
    <property name="java.specification.vendor" value="Sun Microsystems Inc."/>
    <property name="user.language" value="zh"/>
    <property name="awt.toolkit" value="sun.awt.windows.WToolkit"/>
    <property name="java.vm.info" value="mixed mode"/>
    <property name="java.version" value="1.6.0_45"/>
    <property name="java.ext.dirs" value="D:\Program_Files\Java\jdk1.6.0_45\jre\lib\ext;C:\Windows\Sun\Java\lib\ext"/>
    <property name="sun.boot.class.path" value="D:\Program_Files\Java\jdk1.6.0_45\jre\lib\resources.jar;D:\Program_Files\Java\jdk1.6.0_45\jre\lib\rt.jar;D:\Program_Files\Java\jdk1.6.0_45\jre\lib\sunrsasign.jar;D:\Program_Files\Java\jdk1.6.0_45\jre\lib\jsse.jar;D:\Program_Files\Java\jdk1.6.0_45\jre\lib\jce.jar;D:\Program_Files\Java\jdk1.6.0_45\jre\lib\charsets.jar;D:\Program_Files\Java\jdk1.6.0_45\jre\lib\modules\jdk.boot.jar;D:\Program_Files\Java\jdk1.6.0_45\jre\classes"/>
    <property name="java.vendor" value="Sun Microsystems Inc."/>
    <property name="localRepository" value="E:\data\mvnRespo"/>
    <property name="file.separator" value="\"/>
    <property name="java.vendor.url.bug" value="http://java.sun.com/cgi-bin/bugreport.cgi"/>
    <property name="sun.cpu.endian" value="little"/>
    <property name="sun.io.unicode.encoding" value="UnicodeLittle"/>
    <property name="sun.desktop" value="windows"/>
    <property name="sun.cpu.isalist" value="amd64"/>
  </properties>
  <testcase time="1.838" classname="TestMybatis" name="test1"/>
</testsuite>